Android Chatt Demo Android Studo/app/build/outputs/logs/manifest-merger-debug-report.txt
-- Merging decision tree log ---
manifest
ADDED from src/main/AndroidManifest.xml:2:1-93:12
	xmlns:android
		ADDED from src/main/AndroidManifest.xml:2:11-69
	package
		ADDED from src/main/AndroidManifest.xml:3:5-29
		INJECTED from src/main/AndroidManifest.xml
		INJECTED from src/main/AndroidManifest.xml
	android:versionName
		ADDED from src/main/AndroidManifest.xml:5:5-30
		INJECTED from src/main/AndroidManifest.xml
		INJECTED from src/main/AndroidManifest.xml
	android:versionCode
		ADDED from src/main/AndroidManifest.xml:4:5-28
		INJECTED from src/main/AndroidManifest.xml
		INJECTED from src/main/AndroidManifest.xml
uses-permission#android.permission.INTERNET
ADDED from src/main/AndroidManifest.xml:7:5-67
	android:name
		ADDED from src/main/AndroidManifest.xml:7:22-64
uses-permission#android.permission.ACCESS_NETWORK_STATE
ADDED from src/main/AndroidManifest.xml:8:5-79
	android:name
		ADDED from src/main/AndroidManifest.xml:8:22-76
uses-permission#android.permission.WAKE_LOCK
ADDED from src/main/AndroidManifest.xml:9:5-68
	android:name
		ADDED from src/main/AndroidManifest.xml:9:22-65
uses-permission#android.permission.VIBRATE
ADDED from src/main/AndroidManifest.xml:10:5-66
	android:name
		ADDED from src/main/AndroidManifest.xml:10:22-63
uses-permission#com.google.android.c2dm.permission.RECEIVE
ADDED from src/main/AndroidManifest.xml:11:5-82
	android:name
		ADDED from src/main/AndroidManifest.xml:11:22-79
uses-permission#android.permission.SYSTEM_ALERT_WINDOW
ADDED from src/main/AndroidManifest.xml:12:5-78
	android:name
		ADDED from src/main/AndroidManifest.xml:12:22-75
uses-permission#android.permission.ACCESS_COARSE_LOCATION
ADDED from src/main/AndroidManifest.xml:13:5-81
	android:name
		ADDED from src/main/AndroidManifest.xml:13:22-78
uses-permission#android.permission.ACCESS_FINE_LOCATION
ADDED from src/main/AndroidManifest.xml:14:5-79
	android:name
		ADDED from src/main/AndroidManifest.xml:14:22-76
permission#com.chatt.demo.permission.C2D_MESSAGE
ADDED from src/main/AndroidManifest.xml:16:5-18:47
	android:protectionLevel
		ADDED from src/main/AndroidManifest.xml:18:9-44
	android:name
		ADDED from src/main/AndroidManifest.xml:17:9-61
uses-permission#com.chatt.demo.permission.C2D_MESSAGE
ADDED from src/main/AndroidManifest.xml:20:5-77
	android:name
		ADDED from src/main/AndroidManifest.xml:20:22-74
application
ADDED from src/main/AndroidManifest.xml:22:5-91:19
MERGED from [com.android.support:support-v4:24.0.0] AndroidManifest.xml:25:5-20
MERGED from [com.android.support:appcompat-v7:22.2.0] AndroidManifest.xml:22:5-20
MERGED from [com.android.support:support-v4:24.0.0] AndroidManifest.xml:25:5-20
MERGED from [com.android.support:design:22.2.0] AndroidManifest.xml:22:5-20
MERGED from [com.android.support:appcompat-v7:22.2.0] AndroidManifest.xml:22:5-20
MERGED from [com.android.support:support-v4:24.0.0] AndroidManifest.xml:25:5-20
MERGED from [com.android.support:support-v4:24.0.0] AndroidManifest.xml:25:5-20
	android:label
		ADDED from src/main/AndroidManifest.xml:26:9-41
	android:allowBackup
		ADDED from src/main/AndroidManifest.xml:24:9-35
	android:icon
		ADDED from src/main/AndroidManifest.xml:25:9-45
	android:theme
		ADDED from src/main/AndroidManifest.xml:27:9-40
	android:name
		ADDED from src/main/AndroidManifest.xml:23:9-33
activity#com.chatt.demo.Login
ADDED from src/main/AndroidManifest.xml:28:9-32:57
	android:windowSoftInputMode
		ADDED from src/main/AndroidManifest.xml:32:13-54
	android:screenOrientation
		ADDED from src/main/AndroidManifest.xml:30:13-49
	android:theme
		ADDED from src/main/AndroidManifest.xml:31:13-77
	android:name
		ADDED from src/main/AndroidManifest.xml:29:13-34
activity#com.chatt.demo.Register
ADDED from src/main/AndroidManifest.xml:33:9-37:57
	android:windowSoftInputMode
		ADDED from src/main/AndroidManifest.xml:37:13-54
	android:screenOrientation
		ADDED from src/main/AndroidManifest.xml:35:13-49
	android:theme
		ADDED from src/main/AndroidManifest.xml:36:13-77
	android:name
		ADDED from src/main/AndroidManifest.xml:34:13-37
activity#com.chatt.demo.UserList
ADDED from src/main/AndroidManifest.xml:38:9-43:70
	android:windowSoftInputMode
		ADDED from src/main/AndroidManifest.xml:43:13-67
	android:screenOrientation
		ADDED from src/main/AndroidManifest.xml:41:13-49
	android:label
		ADDED from src/main/AndroidManifest.xml:40:13-45
	android:theme
		ADDED from src/main/AndroidManifest.xml:42:13-44
	android:name
		ADDED from src/main/AndroidManifest.xml:39:13-37
activity#com.chatt.demo.Chat
ADDED from src/main/AndroidManifest.xml:44:9-49:70
	android:windowSoftInputMode
		ADDED from src/main/AndroidManifest.xml:49:13-67
	android:screenOrientation
		ADDED from src/main/AndroidManifest.xml:47:13-49
	android:label
		ADDED from src/main/AndroidManifest.xml:46:13-45
	android:theme
		ADDED from src/main/AndroidManifest.xml:48:13-45
	android:name
		ADDED from src/main/AndroidManifest.xml:45:13-33
activity#com.chatt.demo.MainActivity
ADDED from src/main/AndroidManifest.xml:50:9-58:20
	android:theme
		ADDED from src/main/AndroidManifest.xml:52:13-69
	android:name
		ADDED from src/main/AndroidManifest.xml:51:13-41
intent-filter#android.intent.action.MAIN+android.intent.category.LAUNCHER
ADDED from src/main/AndroidManifest.xml:53:13-57:29
action#android.intent.action.MAIN
ADDED from src/main/AndroidManifest.xml:54:17-69
	android:name
		ADDED from src/main/AndroidManifest.xml:54:25-66
category#android.intent.category.LAUNCHER
ADDED from src/main/AndroidManifest.xml:56:17-77
	android:name
		ADDED from src/main/AndroidManifest.xml:56:27-74
service#com.csbm.PushService
ADDED from src/main/AndroidManifest.xml:60:9-56
	android:name
		ADDED from src/main/AndroidManifest.xml:60:18-53
receiver#com.csbm.BEPushBroadcastReceiver
ADDED from src/main/AndroidManifest.xml:62:9-70:20
	android:exported
		ADDED from src/main/AndroidManifest.xml:64:13-37
	android:name
		ADDED from src/main/AndroidManifest.xml:63:13-60
intent-filter#com.csbm.push.intent.DELETE+com.csbm.push.intent.OPEN+com.csbm.push.intent.RECEIVE
ADDED from src/main/AndroidManifest.xml:65:13-69:29
action#com.csbm.push.intent.RECEIVE
ADDED from src/main/AndroidManifest.xml:66:17-71
	android:name
		ADDED from src/main/AndroidManifest.xml:66:25-68
action#com.csbm.push.intent.DELETE
ADDED from src/main/AndroidManifest.xml:67:17-70
	android:name
		ADDED from src/main/AndroidManifest.xml:67:25-67
action#com.csbm.push.intent.OPEN
ADDED from src/main/AndroidManifest.xml:68:17-68
	android:name
		ADDED from src/main/AndroidManifest.xml:68:25-65
receiver#com.csbm.GcmBroadcastReceiver
ADDED from src/main/AndroidManifest.xml:71:9-80:20
	android:permission
		ADDED from src/main/AndroidManifest.xml:73:13-73
	android:name
		ADDED from src/main/AndroidManifest.xml:72:13-57
intent-filter#com.chatt.demo+com.google.android.c2dm.intent.RECEIVE+com.google.android.c2dm.intent.REGISTRATION
ADDED from src/main/AndroidManifest.xml:74:13-79:29
action#com.google.android.c2dm.intent.RECEIVE
ADDED from src/main/AndroidManifest.xml:75:17-81
	android:name
		ADDED from src/main/AndroidManifest.xml:75:25-78
action#com.google.android.c2dm.intent.REGISTRATION
ADDED from src/main/AndroidManifest.xml:76:17-86
	android:name
		ADDED from src/main/AndroidManifest.xml:76:25-83
category#com.chatt.demo
ADDED from src/main/AndroidManifest.xml:78:17-59
	android:name
		ADDED from src/main/AndroidManifest.xml:78:27-56
meta-data#com.csbm.push.gcm_sender_id
ADDED from src/main/AndroidManifest.xml:83:9-85:45
	android:name
		ADDED from src/main/AndroidManifest.xml:84:13-55
	android:value
		ADDED from src/main/AndroidManifest.xml:85:13-42
activity#com.chatt.demo.FullImageActivity
ADDED from src/main/AndroidManifest.xml:87:9-89:59
	android:theme
		ADDED from src/main/AndroidManifest.xml:89:13-56
	android:name
		ADDED from src/main/AndroidManifest.xml:88:13-46
activity#com.chatt.demo.FindFriendActivity
ADDED from src/main/AndroidManifest.xml:90:9-65
	android:name
		ADDED from src/main/AndroidManifest.xml:90:19-53
uses-sdk
INJECTED from src/main/AndroidManifest.xml reason: use-sdk injection requested
MERGED from [com.android.support:recyclerview-v7:24.0.0] AndroidManifest.xml:20:5-43
MERGED from [com.android.support:support-v4:24.0.0] AndroidManifest.xml:21:5-23:54
MERGED from [com.android.support:appcompat-v7:22.2.0] AndroidManifest.xml:20:5-43
MERGED from [com.android.support:support-v4:24.0.0] AndroidManifest.xml:21:5-23:54
MERGED from [com.android.support:design:22.2.0] AndroidManifest.xml:20:5-43
MERGED from [com.android.support:appcompat-v7:22.2.0] AndroidManifest.xml:20:5-43
MERGED from [com.android.support:support-v4:24.0.0] AndroidManifest.xml:21:5-23:54
MERGED from [com.android.support:support-v4:24.0.0] AndroidManifest.xml:21:5-23:54
	android:targetSdkVersion
		INJECTED from src/main/AndroidManifest.xml
		INJECTED from src/main/AndroidManifest.xml
	android:minSdkVersion
		INJECTED from src/main/AndroidManifest.xml
		INJECTED from src/main/AndroidManifest.xml
	tools:overrideLibrary
		ADDED from [com.android.support:support-v4:24.0.0] AndroidManifest.xml:23:9-51